Done pages:

src\app\[locale]\(desktop)\page.tsx
src\app\[locale]\(desktop)\contact
src\app\[locale]\(desktop)\privacy-policy
src\app\[locale]\(desktop)\terms-of-service
src\app\[locale]\(desktop)\workplace-policy
src\app\[locale]\(desktop)\gallery
src\app\[locale]\(desktop)\about-chorn
src\app\[locale]\(desktop)\ai-companions
src\app\[locale]\(desktop)\ai-companions\aom
src\app\[locale]\(desktop)\ai-companions\fah
src\app\[locale]\(desktop)\ai-companions\ploy
src\app\[locale]\(desktop)\smart-city\[slug]
src\app\[locale]\(desktop)\smart-city\chiang-mai
src\app\[locale]\(desktop)\smart-mobility\chiang-mai\hub-to-chiang-mai-airport
src\app\[locale]\(desktop)\smart-mobility\chiang-mai\hub-to-doi-Inthanon
src\app\[locale]\(desktop)\smart-mobility\chiang-mai\hub-to-doi-Suthep
src\app\[locale]\(desktop)\smart-mobility\chiang-mai\urban-hub-san-sai-doi-saket
src\app\[locale]\(desktop)\smart-mobility\chiang-mai\vertiport-design
src\app\[locale]\(desktop)\smart-mobility\chiang-mai\vision-smart-mobility-northern-gateway
src\app\[locale]\(desktop)\technical-expertise\mobile-development
src\app\[locale]\(desktop)\technical-expertise\web-development
src\app\[locale]\(desktop)\technical-expertise\web3-blockchain-smart-contract-development
src\app\[locale]\(desktop)\technical-expertise\ai-solutions
src\app\[locale]\(desktop)\technical-expertise\cloud-devops
src\app\[locale]\(desktop)\technical-expertise\cloud-infrastructure-systems-architecture
src\app\[locale]\(desktop)\technical-expertise\front-end-developer
src\app\[locale]\(desktop)\technical-expertise\front-end-developer\angular-developer
src\app\[locale]\(desktop)\technical-expertise\front-end-developer\css3-developer
src\app\[locale]\(desktop)\technical-expertise\front-end-developer\html5-developer
src\app\[locale]\(desktop)\technical-expertise\front-end-developer\javascript-developer
src\app\[locale]\(desktop)\technical-expertise\front-end-developer\nextjs-developer
src\app\[locale]\(desktop)\technical-expertise\front-end-developer\react-developer
src\app\[locale]\(desktop)\technical-expertise\front-end-developer\typescript-developer
src\app\[locale]\(desktop)\technical-expertise\front-end-developer\vue-developer
src\app\[locale]\(desktop)\technical-expertise\full-stack-developer

src\app\[locale]\(desktop)\technical-expertise\full-stack-developer\dotnetcore-developer
src\app\[locale]\(desktop)\technical-expertise\full-stack-developer\go-developer
src\app\[locale]\(desktop)\technical-expertise\full-stack-developer\java-spring-boot-developer
src\app\[locale]\(desktop)\technical-expertise\full-stack-developer\nodejs-developer
src\app\[locale]\(desktop)\technical-expertise\full-stack-developer\php-developer
src\app\[locale]\(desktop)\technical-expertise\full-stack-developer\python-developer

----------------------- 

Pending pages:

None
